

================================================================
== Vitis HLS Report for 'ddmap_sqm_hls'
================================================================
* Date:           Fri Jun 26 00:40:06 2026

* Version:        2025.2 (Build 6295257 on Nov 14 2025)
* Project:        ddmap_ownfft_prj
* Solution:       sol1 (Vivado IP Flow Target)
* Product family: zynquplus
* Target device:  xczu7ev-ffvc1156-2-e


================================================================
== Performance Estimates
================================================================
+ Timing: 
    * Summary: 
    +--------+---------+----------+------------+
    |  Clock |  Target | Estimated| Uncertainty|
    +--------+---------+----------+------------+
    |ap_clk  |  5.00 ns|  6.825 ns|     1.35 ns|
    +--------+---------+----------+------------+

+ Latency: 
    * Summary: 
    +---------+---------+----------+----------+-----+-----+---------+
    |  Latency (cycles) |  Latency (absolute) |  Interval | Pipeline|
    |   min   |   max   |    min   |    max   | min | max |   Type  |
    +---------+---------+----------+----------+-----+-----+---------+
    |        ?|        ?|         ?|         ?|    ?|    ?|       no|
    +---------+---------+----------+----------+-----+-----+---------+

    + Detail: 
        * Instance: 
        +----------------------------------------------------+-----------------------------------------+---------+---------+-----------+-----------+------+------+-------------------+
        |                                                    |                                         |  Latency (cycles) |   Latency (absolute)  |   Interval  |      Pipeline     |
        |                      Instance                      |                  Module                 |   min   |   max   |    min    |    max    |  min |  max |        Type       |
        +----------------------------------------------------+-----------------------------------------+---------+---------+-----------+-----------+------+------+-------------------+
        |grp_gen_ca_upsampled_fu_291                         |gen_ca_upsampled                         |     3117|     3117|  15.585 us|  15.585 us|  3117|  3117|                 no|
        |grp_ddmap_sqm_hls_Pipeline_VITIS_LOOP_98_1_fu_302   |ddmap_sqm_hls_Pipeline_VITIS_LOOP_98_1   |     2050|     2050|  10.250 us|  10.250 us|     0|     0|  loop pipeline stp|
        |grp_fft_fixed_fu_310                                |fft_fixed                                |        ?|        ?|          ?|          ?|     ?|     ?|                 no|
        |grp_ddmap_sqm_hls_Pipeline_VITIS_LOOP_102_2_fu_337  |ddmap_sqm_hls_Pipeline_VITIS_LOOP_102_2  |     2054|     2054|  10.270 us|  10.270 us|     0|     0|  loop pipeline stp|
        |grp_ddmap_sqm_hls_Pipeline_SQM_fu_353               |ddmap_sqm_hls_Pipeline_SQM               |     2052|     2052|  10.260 us|  10.260 us|     0|     0|  loop pipeline stp|
        |grp_ddmap_sqm_hls_Pipeline_VITIS_LOOP_116_3_fu_363  |ddmap_sqm_hls_Pipeline_VITIS_LOOP_116_3  |     2057|     2057|  10.285 us|  10.285 us|     0|     0|  loop pipeline stp|
        |grp_ddmap_sqm_hls_Pipeline_VITIS_LOOP_124_4_fu_379  |ddmap_sqm_hls_Pipeline_VITIS_LOOP_124_4  |     2050|     2050|  10.250 us|  10.250 us|     0|     0|  loop pipeline stp|
        +----------------------------------------------------+-----------------------------------------+---------+---------+-----------+-----------+------+------+-------------------+

        * Loop: 
        +----------+---------+---------+----------+-----------+-----------+------+----------+
        |          |  Latency (cycles) | Iteration|  Initiation Interval  | Trip |          |
        | Loop Name|   min   |   max   |  Latency |  achieved |   target  | Count| Pipelined|
        +----------+---------+---------+----------+-----------+-----------+------+----------+
        |- BLOCKS  |        ?|        ?|         ?|          -|          -|     4|        no|
        +----------+---------+---------+----------+-----------+-----------+------+----------+



================================================================
== Utilization Estimates
================================================================
* Summary: 
+-----------------+---------+------+--------+--------+-----+
|       Name      | BRAM_18K|  DSP |   FF   |   LUT  | URAM|
+-----------------+---------+------+--------+--------+-----+
|DSP              |        -|     -|       -|       -|    -|
|Expression       |        -|     -|       0|     633|    -|
|FIFO             |        -|     -|       -|       -|    -|
|Instance         |        4|    86|    6826|    8171|    0|
|Memory           |       48|     -|       0|       0|    0|
|Multiplexer      |        -|     -|       0|    1612|    -|
|Register         |        -|     -|     824|       -|    -|
+-----------------+---------+------+--------+--------+-----+
|Total            |       52|    86|    7650|   10416|    0|
+-----------------+---------+------+--------+--------+-----+
|Available        |      624|  1728|  460800|  230400|   96|
+-----------------+---------+------+--------+--------+-----+
|Utilization (%)  |        8|     4|       1|       4|    0|
+-----------------+---------+------+--------+--------+-----+

+ Detail: 
    * Instance: 
    +----------------------------------------------------+-----------------------------------------+---------+----+------+------+-----+
    |                      Instance                      |                  Module                 | BRAM_18K| DSP|  FF  |  LUT | URAM|
    +----------------------------------------------------+-----------------------------------------+---------+----+------+------+-----+
    |ctrl_s_axi_U                                        |ctrl_s_axi                               |        0|   0|   272|   440|    0|
    |grp_ddmap_sqm_hls_Pipeline_SQM_fu_353               |ddmap_sqm_hls_Pipeline_SQM               |        0|   0|   465|   378|    0|
    |grp_ddmap_sqm_hls_Pipeline_VITIS_LOOP_102_2_fu_337  |ddmap_sqm_hls_Pipeline_VITIS_LOOP_102_2  |        0|  12|   988|  1000|    0|
    |grp_ddmap_sqm_hls_Pipeline_VITIS_LOOP_116_3_fu_363  |ddmap_sqm_hls_Pipeline_VITIS_LOOP_116_3  |        0|  32|  1714|  1154|    0|
    |grp_ddmap_sqm_hls_Pipeline_VITIS_LOOP_124_4_fu_379  |ddmap_sqm_hls_Pipeline_VITIS_LOOP_124_4  |        0|   0|    37|   187|    0|
    |grp_ddmap_sqm_hls_Pipeline_VITIS_LOOP_98_1_fu_302   |ddmap_sqm_hls_Pipeline_VITIS_LOOP_98_1   |        0|   0|    14|    66|    0|
    |grp_fft_fixed_fu_310                                |fft_fixed                                |        2|   4|   442|  2414|    0|
    |grp_gen_ca_upsampled_fu_291                         |gen_ca_upsampled                         |        2|   2|   771|  1533|    0|
    |mul_48s_48s_80_2_1_U126                             |mul_48s_48s_80_2_1                       |        0|   9|   229|    82|    0|
    |mul_48s_48s_80_2_1_U127                             |mul_48s_48s_80_2_1                       |        0|   9|   229|    82|    0|
    |mul_48s_48s_80_2_1_U128                             |mul_48s_48s_80_2_1                       |        0|   9|   229|    82|    0|
    |mul_48s_48s_80_2_1_U129                             |mul_48s_48s_80_2_1                       |        0|   9|   229|    82|    0|
    |udiv_96ns_64ns_96_100_seq_1_U132                    |udiv_96ns_64ns_96_100_seq_1              |        0|   0|   779|   469|    0|
    |urem_17ns_12ns_17_21_seq_1_U130                     |urem_17ns_12ns_17_21_seq_1               |        0|   0|   214|   101|    0|
    |urem_17ns_12ns_17_21_seq_1_U131                     |urem_17ns_12ns_17_21_seq_1               |        0|   0|   214|   101|    0|
    +----------------------------------------------------+-----------------------------------------+---------+----+------+------+-----+
    |Total                                               |                                         |        4|  86|  6826|  8171|    0|
    +----------------------------------------------------+-----------------------------------------+---------+----+------+------+-----+

    * DSP: 
    N/A

    * Memory: 
    +--------------+---------------------------+---------+---+----+-----+------+-----+------+-------------+
    |    Memory    |           Module          | BRAM_18K| FF| LUT| URAM| Words| Bits| Banks| W*Bits*Banks|
    +--------------+---------------------------+---------+---+----+-----+------+-----+------+-------------+
    |accum_re_U    |accum_re_RAM_2P_BRAM_1R1W  |        6|  0|   0|    0|  2048|   48|     1|        98304|
    |accum_im_U    |accum_re_RAM_2P_BRAM_1R1W  |        6|  0|   0|    0|  2048|   48|     1|        98304|
    |code_fd_re_U  |code_fd_re_RAM_AUTO_1R1W   |        3|  0|   0|    0|  2048|   24|     1|        49152|
    |code_fd_im_U  |code_fd_re_RAM_AUTO_1R1W   |        3|  0|   0|    0|  2048|   24|     1|        49152|
    |blk_fd_re_U   |code_fd_re_RAM_AUTO_1R1W   |        3|  0|   0|    0|  2048|   24|     1|        49152|
    |blk_fd_im_U   |code_fd_re_RAM_AUTO_1R1W   |        3|  0|   0|    0|  2048|   24|     1|        49152|
    |corr_re_U     |code_fd_re_RAM_AUTO_1R1W   |        3|  0|   0|    0|  2048|   24|     1|        49152|
    |corr_im_U     |code_fd_re_RAM_AUTO_1R1W   |        3|  0|   0|    0|  2048|   24|     1|        49152|
    |code_im_U     |code_im_RAM_AUTO_1R1W      |        3|  0|   0|    0|  2048|   24|     1|        49152|
    |code_re_U     |code_im_RAM_AUTO_1R1W      |        3|  0|   0|    0|  2048|   24|     1|        49152|
    |blk_re_U      |code_im_RAM_AUTO_1R1W      |        3|  0|   0|    0|  2048|   24|     1|        49152|
    |blk_im_U      |code_im_RAM_AUTO_1R1W      |        3|  0|   0|    0|  2048|   24|     1|        49152|
    |prod_re_U     |code_im_RAM_AUTO_1R1W      |        3|  0|   0|    0|  2048|   24|     1|        49152|
    |prod_im_U     |code_im_RAM_AUTO_1R1W      |        3|  0|   0|    0|  2048|   24|     1|        49152|
    +--------------+---------------------------+---------+---+----+-----+------+-----+------+-------------+
    |Total         |                           |       48|  0|   0|    0| 28672|  384|    14|       786432|
    +--------------+---------------------------+---------+---+----+-----+------+-----+------+-------------+

    * FIFO: 
    N/A

    * Expression: 
    +---------------------------------+----------+----+---+----+------------+------------+
    |          Variable Name          | Operation| DSP| FF| LUT| Bitwidth P0| Bitwidth P1|
    +---------------------------------+----------+----+---+----+------------+------------+
    |b_2_fu_426_p2                    |         +|   0|  0|  10|           3|           1|
    |ep_fu_540_p2                     |         +|   0|  0|  71|          64|          64|
    |grp_fu_450_p0                    |         +|   0|  0|  24|          17|          11|
    |grp_fu_462_p0                    |         +|   0|  0|  24|          17|           1|
    |lp_fu_544_p2                     |         +|   0|  0|  71|          64|          64|
    |sum_fu_551_p2                    |         +|   0|  0|  71|          64|          64|
    |sub_ln147_1_fu_563_p2            |         -|   0|  0|  71|          64|          64|
    |sub_ln147_fu_559_p2              |         -|   0|  0|  71|          64|          64|
    |icmp_ln100_fu_420_p2             |      icmp|   0|  0|  12|           3|           4|
    |icmp_ln147_fu_555_p2             |      icmp|   0|  0|  71|          64|          64|
    |icmp_ln149_fu_575_p2             |      icmp|   0|  0|  71|          64|           1|
    |ap_block_state2_on_subcall_done  |        or|   0|  0|   2|           1|           1|
    |diff_fu_567_p3                   |    select|   0|  0|  64|           1|          64|
    +---------------------------------+----------+----+---+----+------------+------------+
    |Total                            |          |   0|  0| 633|         490|         467|
    +---------------------------------+----------+----+---+----+------------+------------+

    * Multiplexer: 
    +---------------------------------+-----+-----------+-----+-----------+
    |               Name              | LUT | Input Size| Bits| Total Bits|
    +---------------------------------+-----+-----------+-----+-----------+
    |accum_im_address0                |   14|          3|   11|         33|
    |accum_im_address1                |   14|          3|   11|         33|
    |accum_im_ce0                     |   14|          3|    1|          3|
    |accum_im_ce1                     |   14|          3|    1|          3|
    |accum_im_d1                      |   14|          3|   48|        144|
    |accum_im_we1                     |   14|          3|    1|          3|
    |accum_re_address0                |   14|          3|   11|         33|
    |accum_re_address1                |   14|          3|   11|         33|
    |accum_re_ce0                     |   14|          3|    1|          3|
    |accum_re_ce1                     |   14|          3|    1|          3|
    |accum_re_d1                      |   14|          3|   48|        144|
    |accum_re_we1                     |   14|          3|    1|          3|
    |ap_NS_fsm                        |  742|        141|    1|        141|
    |ap_phi_mux_dist_1_phi_fu_283_p4  |    9|          2|   32|         64|
    |b_fu_176                         |    9|          2|    3|          6|
    |blk_fd_im_address0               |   14|          3|   11|         33|
    |blk_fd_im_ce0                    |   14|          3|    1|          3|
    |blk_fd_im_ce1                    |    9|          2|    1|          2|
    |blk_fd_im_we0                    |    9|          2|    1|          2|
    |blk_fd_re_address0               |   14|          3|   11|         33|
    |blk_fd_re_ce0                    |   14|          3|    1|          3|
    |blk_fd_re_ce1                    |    9|          2|    1|          2|
    |blk_fd_re_we0                    |    9|          2|    1|          2|
    |blk_im_address0                  |   14|          3|   11|         33|
    |blk_im_ce0                       |   14|          3|    1|          3|
    |blk_im_we0                       |    9|          2|    1|          2|
    |blk_re_address0                  |   14|          3|   11|         33|
    |blk_re_ce0                       |   14|          3|    1|          3|
    |blk_re_we0                       |    9|          2|    1|          2|
    |code_fd_im_address0              |   14|          3|   11|         33|
    |code_fd_im_ce0                   |   14|          3|    1|          3|
    |code_fd_im_ce1                   |    9|          2|    1|          2|
    |code_fd_im_we0                   |    9|          2|    1|          2|
    |code_fd_re_address0              |   14|          3|   11|         33|
    |code_fd_re_ce0                   |   14|          3|    1|          3|
    |code_fd_re_ce1                   |    9|          2|    1|          2|
    |code_fd_re_we0                   |    9|          2|    1|          2|
    |code_im_address0                 |   14|          3|   11|         33|
    |code_im_ce0                      |   14|          3|    1|          3|
    |code_im_we0                      |    9|          2|    1|          2|
    |code_re_address0                 |   14|          3|   11|         33|
    |code_re_ce0                      |   14|          3|    1|          3|
    |code_re_we0                      |    9|          2|    1|          2|
    |corr_im_address0                 |   14|          3|   11|         33|
    |corr_im_ce0                      |   14|          3|    1|          3|
    |corr_im_ce1                      |    9|          2|    1|          2|
    |corr_im_we0                      |    9|          2|    1|          2|
    |corr_re_address0                 |   14|          3|   11|         33|
    |corr_re_ce0                      |   14|          3|    1|          3|
    |corr_re_ce1                      |    9|          2|    1|          2|
    |corr_re_we0                      |    9|          2|    1|          2|
    |dist_1_reg_279                   |    9|          2|   32|         64|
    |grp_fft_fixed_fu_310_in_im_q0    |   20|          4|   24|         96|
    |grp_fft_fixed_fu_310_in_re_q0    |   20|          4|   24|         96|
    |grp_fft_fixed_fu_310_inverse     |   14|          3|    1|          3|
    |grp_fft_fixed_fu_310_out_im_q1   |   20|          4|   24|         96|
    |grp_fft_fixed_fu_310_out_re_q1   |   20|          4|   24|         96|
    |grp_fu_391_ce                    |    9|          2|    1|          2|
    |grp_fu_391_p0                    |   14|          3|   48|        144|
    |grp_fu_391_p1                    |   14|          3|   48|        144|
    |grp_fu_395_ce                    |    9|          2|    1|          2|
    |grp_fu_395_p0                    |   14|          3|   48|        144|
    |grp_fu_395_p1                    |   14|          3|   48|        144|
    |iq_in_TREADY_int_regslice        |    9|          2|    1|          2|
    |prod_im_address0                 |   14|          3|   11|         33|
    |prod_im_ce0                      |   14|          3|    1|          3|
    |prod_im_we0                      |    9|          2|    1|          2|
    |prod_re_address0                 |   14|          3|   11|         33|
    |prod_re_ce0                      |   14|          3|    1|          3|
    |prod_re_we0                      |    9|          2|    1|          2|
    +---------------------------------+-----+-----------+-----+-----------+
    |Total                            | 1612|        328|  668|       2150|
    +---------------------------------+-----+-----------+-----+-----------+

    * Register: 
    +-----------------------------------------------------------------+-----+----+-----+-----------+
    |                               Name                              |  FF | LUT| Bits| Const Bits|
    +-----------------------------------------------------------------+-----+----+-----+-----------+
    |ap_CS_fsm                                                        |  140|   0|  140|          0|
    |b_fu_176                                                         |    3|   0|    3|          0|
    |best_loc_fu_180                                                  |   60|   0|   60|          0|
    |dist_1_reg_279                                                   |   32|   0|   32|          0|
    |ei_reg_705                                                       |   48|   0|   48|          0|
    |empty_reg_647                                                    |    5|   0|    5|          0|
    |ep_reg_764                                                       |   64|   0|   64|          0|
    |er_reg_700                                                       |   48|   0|   48|          0|
    |grp_ddmap_sqm_hls_Pipeline_SQM_fu_353_ap_start_reg               |    1|   0|    1|          0|
    |grp_ddmap_sqm_hls_Pipeline_VITIS_LOOP_102_2_fu_337_ap_start_reg  |    1|   0|    1|          0|
    |grp_ddmap_sqm_hls_Pipeline_VITIS_LOOP_116_3_fu_363_ap_start_reg  |    1|   0|    1|          0|
    |grp_ddmap_sqm_hls_Pipeline_VITIS_LOOP_124_4_fu_379_ap_start_reg  |    1|   0|    1|          0|
    |grp_ddmap_sqm_hls_Pipeline_VITIS_LOOP_98_1_fu_302_ap_start_reg   |    1|   0|    1|          0|
    |grp_fft_fixed_fu_310_ap_start_reg                                |    1|   0|    1|          0|
    |grp_gen_ca_upsampled_fu_291_ap_start_reg                         |    1|   0|    1|          0|
    |icmp_ln149_reg_785                                               |    1|   0|    1|          0|
    |li_reg_715                                                       |   48|   0|   48|          0|
    |lp_reg_773                                                       |   64|   0|   64|          0|
    |lr_reg_710                                                       |   48|   0|   48|          0|
    |trunc_ln143_1_reg_749                                            |   64|   0|   64|          0|
    |trunc_ln144_1_reg_759                                            |   64|   0|   64|          0|
    |trunc_ln8_reg_744                                                |   64|   0|   64|          0|
    |trunc_ln9_reg_754                                                |   64|   0|   64|          0|
    +-----------------------------------------------------------------+-----+----+-----+-----------+
    |Total                                                            |  824|   0|  824|          0|
    +-----------------------------------------------------------------+-----+----+-----+-----------+



================================================================
== Interface
================================================================
* Summary: 
+--------------------+-----+-----+------------+----------------+--------------+
|      RTL Ports     | Dir | Bits|  Protocol  |  Source Object |    C Type    |
+--------------------+-----+-----+------------+----------------+--------------+
|s_axi_ctrl_AWVALID  |   in|    1|       s_axi|            ctrl|       pointer|
|s_axi_ctrl_AWREADY  |  out|    1|       s_axi|            ctrl|       pointer|
|s_axi_ctrl_AWADDR   |   in|    7|       s_axi|            ctrl|       pointer|
|s_axi_ctrl_WVALID   |   in|    1|       s_axi|            ctrl|       pointer|
|s_axi_ctrl_WREADY   |  out|    1|       s_axi|            ctrl|       pointer|
|s_axi_ctrl_WDATA    |   in|   32|       s_axi|            ctrl|       pointer|
|s_axi_ctrl_WSTRB    |   in|    4|       s_axi|            ctrl|       pointer|
|s_axi_ctrl_ARVALID  |   in|    1|       s_axi|            ctrl|       pointer|
|s_axi_ctrl_ARREADY  |  out|    1|       s_axi|            ctrl|       pointer|
|s_axi_ctrl_ARADDR   |   in|    7|       s_axi|            ctrl|       pointer|
|s_axi_ctrl_RVALID   |  out|    1|       s_axi|            ctrl|       pointer|
|s_axi_ctrl_RREADY   |   in|    1|       s_axi|            ctrl|       pointer|
|s_axi_ctrl_RDATA    |  out|   32|       s_axi|            ctrl|       pointer|
|s_axi_ctrl_RRESP    |  out|    2|       s_axi|            ctrl|       pointer|
|s_axi_ctrl_BVALID   |  out|    1|       s_axi|            ctrl|       pointer|
|s_axi_ctrl_BREADY   |   in|    1|       s_axi|            ctrl|       pointer|
|s_axi_ctrl_BRESP    |  out|    2|       s_axi|            ctrl|       pointer|
|ap_clk              |   in|    1|  ap_ctrl_hs|   ddmap_sqm_hls|  return value|
|ap_rst_n            |   in|    1|  ap_ctrl_hs|   ddmap_sqm_hls|  return value|
|interrupt           |  out|    1|  ap_ctrl_hs|   ddmap_sqm_hls|  return value|
|iq_in_TDATA         |   in|   32|        axis|  iq_in_V_data_V|       pointer|
|iq_in_TVALID        |   in|    1|        axis|  iq_in_V_last_V|       pointer|
|iq_in_TREADY        |  out|    1|        axis|  iq_in_V_last_V|       pointer|
|iq_in_TLAST         |   in|    1|        axis|  iq_in_V_last_V|       pointer|
|iq_in_TKEEP         |   in|    4|        axis|  iq_in_V_keep_V|       pointer|
|iq_in_TSTRB         |   in|    4|        axis|  iq_in_V_strb_V|       pointer|
+--------------------+-----+-----+------------+----------------+--------------+

